#
# A fatal error has been detected by the Java Runtime Environment:
#
#  SIGSEGV (0xb) at pc=0x00007fff995d1989, pid=4890, tid=2571
#
# JRE version: Java(TM) SE Runtime Environment (8.0_65-b17) (build 1.8.0_65-b17)
# Java VM: Java HotSpot(TM) 64-Bit Server VM (25.65-b01 mixed mode bsd-amd64 compressed oops)
# Problematic frame:
# C  [CoreFoundation+0x25989]  CFDataGetBytePtr+0x19
#
# Failed to write core dump. Core dumps have been disabled. To enable core dumping, try "ulimit -c unlimited" before starting Java again
#
# If you would like to submit a bug report, please visit:
#   http://bugreport.java.com/bugreport/crash.jsp
# The crash happened outside the Java Virtual Machine in native code.
# See problematic frame for where to report the bug.
#

---------------  T H R E A D  ---------------

Current thread (0x00007ff26b8e2800):  JavaThread "JavaFX Application Thread" [_thread_in_native, id=2571, stack(0x00007fff4f73d000,0x00007fff4ff3d000)]

siginfo: si_signo: 11 (SIGSEGV), si_code: 1 (SEGV_MAPERR), si_addr: 0x0000000000000000

Registers:
RAX=0x0000000000005817, RBX=0x0000000000000000, RCX=0x0000d20000000000, RDX=0x00007ff26b430160
RSP=0x00007fff4ff336e0, RBP=0x00007fff4ff336f0, RSI=0x0000d2000000d200, RDI=0x0000000000000000
R8 =0x00000000fffffffc, R9 =0x00007ff26b430158, R10=0x00000000ffffffff, R11=0xffffffff00000000
R12=0x000000000001e7f7, R13=0x00007ff26b592760, R14=0x0000000000000000, R15=0x00007ff26b6b23e0
RIP=0x00007fff995d1989, EFLAGS=0x0000000000010246, ERR=0x0000000000000004
  TRAPNO=0x000000000000000e

Top of Stack: (sp=0x00007fff4ff336e0)
0x00007fff4ff336e0:   0000000000000000 0000000000000000
0x00007fff4ff336f0:   00007fff4ff337b0 00007fff86d6ad40
0x00007fff4ff33700:   00007fff8bf6bc0c 000000010fce3800
0x00007fff4ff33710:   000014ae00005817 0000000000000000
0x00007fff4ff33720:   0000000000000000 0000000000000000
0x00007fff4ff33730:   000000010fce1a00 0000000000000002
0x00007fff4ff33740:   00007fff4ff33790 00007fff9326567b
0x00007fff4ff33750:   0000000000000003 00007fff4ff337a0
0x00007fff4ff33760:   01007fff00000000 00007ff26b593e90
0x00007fff4ff33770:   00007ff26b56bf90 0000000000000000
0x00007fff4ff33780:   0000000000000001 0000000000000839
0x00007fff4ff33790:   00007ff26b56bf90 0000000000000000
0x00007fff4ff337a0:   000000000001e7f7 00000000000014ae
0x00007fff4ff337b0:   00007fff4ff33980 00007fff8bec66b1
0x00007fff4ff337c0:   0000000100000005 0000000000000038
0x00007fff4ff337d0:   00007ff26b6b6160 000000010fce3800
0x00007fff4ff337e0:   0000000000001003 000000000000002c
0x00007fff4ff337f0:   00007ff26b6b54a0 0000000000000038
0x00007fff4ff33800:   0000000000000003 00007ff26b593e90
0x00007fff4ff33810:   0000000000000008 00007ff26b593de0
0x00007fff4ff33820:   0000000000000001 0001e7f700000000
0x00007fff4ff33830:   0000000000000008 00007fff4ff33850
0x00007fff4ff33840:   00007ff26b593fa8 0000000000000008
0x00007fff4ff33850:   00007ff26b56bf90 0000000000000839
0x00007fff4ff33860:   0000000000000000 0000000000000000
0x00007fff4ff33870:   00007fff77c800a0 00007fff75776210
0x00007fff4ff33880:   00007fff4ff338a0 00007fff8d8d50cc
0x00007fff4ff33890:   0000000000000000 00007fff4ff338f0
0x00007fff4ff338a0:   00007fff4ff338e0 00007fff981ba569
0x00007fff4ff338b0:   003ffffffffffd0a 000000000001e7f7
0x00007fff4ff338c0:   0000000000000000 00007ff26b493f50
0x00007fff4ff338d0:   00007ff26b6b6270 00007fff77c800a0 

Instructions: (pc=0x00007fff995d1989)
0x00007fff995d1969:   5d c3 0f 1f 44 00 00 55 48 89 e5 41 56 53 48 89
0x00007fff995d1979:   fb 48 83 3d ae 49 a3 de ff 75 7d f6 c3 01 75 54
0x00007fff995d1989:   48 8b 03 48 85 c0 74 40 48 8d 0d 50 43 a3 de 48
0x00007fff995d1999:   3b 01 74 34 48 8b 0d 94 49 a3 de 45 31 f6 48 81 

Register to memory mapping:

RAX=0x0000000000005817 is an unknown value
RBX=0x0000000000000000 is an unknown value
RCX=0x0000d20000000000 is an unknown value
RDX=0x00007ff26b430160 is an unknown value
RSP=0x00007fff4ff336e0 is pointing into the stack for thread: 0x00007ff26b8e2800
RBP=0x00007fff4ff336f0 is pointing into the stack for thread: 0x00007ff26b8e2800
RSI=0x0000d2000000d200 is an unknown value
RDI=0x0000000000000000 is an unknown value
R8 =0x00000000fffffffc is an unknown value
R9 =0x00007ff26b430158 is an unknown value
R10=0x00000000ffffffff is an unknown value
R11=0xffffffff00000000 is an unknown value
R12=0x000000000001e7f7 is an unknown value
R13=0x00007ff26b592760 is an unknown value
R14=0x0000000000000000 is an unknown value
R15=0x00007ff26b6b23e0 is an unknown value


Stack: [0x00007fff4f73d000,0x00007fff4ff3d000],  sp=0x00007fff4ff336e0,  free space=8153k
Native frames: (J=compiled Java code, j=interpreted, Vv=VM code, C=native code)
C  [CoreFoundation+0x25989]  CFDataGetBytePtr+0x19
C  [CoreGraphics+0x1ad40]  CGSShapeWindow+0xf5
C  [AppKit+0x1946b1]  __NSCGSWindowMark__block_invoke+0x17a
C  [AppKit+0x1942b6]  NSCGSTransactionRunPreCommitActionsForOrder_+0x12a
C  [AppKit+0x19416f]  NSCGSTransactionRunPreCommitActions_+0x15
C  [AppKit+0x942d84]  -[_NSCGSTransaction synchronize]+0x21
C  [AppKit+0x942ff9]  NSCGSTransactionSynchronize+0x4c
C  [AppKit+0x625216]  -[NSCGSWindow(NSCGSSpace) bestSpaceContainingWindow]+0x2f
C  [AppKit+0x5becf]  -[NSWindow _bestScreenByGeometryOfFrame:respectingSpaceAssignment:]+0x229
C  [AppKit+0x5bc9f]  -[NSWindow _bestScreenBySpaceAssignmentOrGeometry]+0x47
C  [AppKit+0x5f1f6]  -[_NSViewLayerSurface update]+0x885
C  [AppKit+0x53d73]  -[NSView(NSInternal) _updateLayerGeometryFromView]+0xb0
C  [AppKit+0x6f41d]  -[NSView setFrameSize:]+0x4dd
C  [libglass.dylib+0x1d6c5]  -[GlassView3D setFrameSize:]+0x35
C  [AppKit+0x87a11]  -[NSView setFrame:]+0x1dc
C  [libglass.dylib+0x1d73e]  -[GlassView3D setFrame:]+0x4e
C  [AppKit+0x94321]  -[NSView resizeWithOldSuperviewSize:]+0x4a1
C  [AppKit+0x939ad]  -[NSView resizeSubviewsWithOldSize:]+0x13e
C  [AppKit+0x6f61b]  -[NSView setFrameSize:]+0x6db
C  [AppKit+0x87a11]  -[NSView setFrame:]+0x1dc
C  [AppKit+0x94321]  -[NSView resizeWithOldSuperviewSize:]+0x4a1
C  [AppKit+0x939ad]  -[NSView resizeSubviewsWithOldSize:]+0x13e
C  [AppKit+0x6f61b]  -[NSView setFrameSize:]+0x6db
C  [AppKit+0x11c3cd]  -[NSThemeFrame setFrameSize:]+0x1f0
C  [AppKit+0x102a0a]  -[NSWindow _setFrame:updateBorderViewSize:]+0x440
C  [AppKit+0x11b47d]  -[NSWindow _oldPlaceWindow:]+0x433
C  [AppKit+0x11a852]  -[NSWindow _setFrameCommon:display:stashSize:]+0xab7
C  [AppKit+0x119d8c]  -[NSWindow _setFrame:display:allowImplicitAnimation:stashSize:]+0xde
C  [AppKit+0x119ca7]  -[NSWindow setFrame:display:]+0x43
C  [AppKit+0x239c0c]  -[NSWindow setFrame:display:animate:]+0x93
C  [libglass.dylib+0x249a6]  -[GlassWindow(Java) _setFlipFrame:display:animate:]+0xc6
C  [libglass.dylib+0x2448c]  -[GlassWindow(Java) _setWindowFrameWithRect:withDisplay:withAnimate:]+0x9c
C  [libglass.dylib+0x2470e]  -[GlassWindow(Java) _setBounds:y:xSet:ySet:w:h:cw:ch:]+0x26e
C  [libglass.dylib+0x291a2]  Java_com_sun_glass_ui_mac_MacWindow__1setBounds+0x1a2
j  com.sun.glass.ui.mac.MacWindow._setBounds(JIIZZIIIIFF)V+0
j  com.sun.glass.ui.Window.setBounds(IIZZIIIIFF)V+29
j  com.sun.javafx.tk.quantum.WindowStage.setBounds(FFZZFFFFFF)V+462
j  javafx.stage.Window$TKBoundsConfigurator.apply()V+110
j  javafx.stage.Window.applyBounds()V+4
j  javafx.stage.Window.adjustSize(Z)V+198
j  javafx.stage.Window.access$600(Ljavafx/stage/Window;Z)V+2
j  javafx.stage.Window$9.invalidated()V+281
j  javafx.beans.property.BooleanPropertyBase.markInvalid()V+13
j  javafx.beans.property.BooleanPropertyBase.set(Z)V+106
j  javafx.stage.Window.setShowing(Z)V+11
j  javafx.stage.Window.show()V+2
j  javafx.stage.Stage.show()V+1
j  sample.Main.start(Ljavafx/stage/Stage;)V+68
j  com.sun.javafx.application.LauncherImpl.lambda$launchApplication1$163(Ljava/util/concurrent/atomic/AtomicBoolean;Ljavafx/application/Application;)V+20
j  com.sun.javafx.application.LauncherImpl$$Lambda$53.run()V+8
j  com.sun.javafx.application.PlatformImpl.lambda$runAndWait$176(Ljava/lang/Runnable;Ljava/util/concurrent/CountDownLatch;)V+1
j  com.sun.javafx.application.PlatformImpl$$Lambda$49.run()V+8
j  com.sun.javafx.application.PlatformImpl.lambda$null$174(Ljava/lang/Runnable;)Ljava/lang/Void;+1
j  com.sun.javafx.application.PlatformImpl$$Lambda$51.run()Ljava/lang/Object;+4
v  ~StubRoutines::call_stub
V  [libjvm.dylib+0x2eab02]
V  [libjvm.dylib+0x34afcc]
j  java.security.AccessController.doPrivileged(Ljava/security/PrivilegedAction;Ljava/security/AccessControlContext;)Ljava/lang/Object;+0
j  com.sun.javafx.application.PlatformImpl.lambda$runLater$175(Ljava/lang/Runnable;Ljava/security/AccessControlContext;)V+7
j  com.sun.javafx.application.PlatformImpl$$Lambda$50.run()V+8
j  com.sun.glass.ui.InvokeLaterDispatcher$Future.run()V+4
v  ~StubRoutines::call_stub
V  [libjvm.dylib+0x2eab02]
V  [libjvm.dylib+0x321bab]
V  [libjvm.dylib+0x31437f]
C  [libglass.dylib+0x463b]  -[GlassRunnable run]+0x6b
C  [Foundation+0x76f5e]  __NSThreadPerformPerform+0x117
C  [CoreFoundation+0xaa881]  __CFRUNLOOP_IS_CALLING_OUT_TO_A_SOURCE0_PERFORM_FUNCTION__+0x11
C  [CoreFoundation+0x89fbc]  __CFRunLoopDoSources0+0x22c
C  [CoreFoundation+0x894df]  __CFRunLoopRun+0x39f
C  [CoreFoundation+0x88ed8]  CFRunLoopRunSpecific+0x128
C  [HIToolbox+0x30935]  RunCurrentEventLoopInMode+0xeb
C  [HIToolbox+0x3076f]  ReceiveNextEventCommon+0x1b0
C  [HIToolbox+0x305af]  _BlockUntilNextEventMatchingListInModeWithFilter+0x47
C  [AppKit+0x48efa]  _DPSNextEvent+0x42b
C  [AppKit+0x4832a]  -[NSApplication _nextEventMatchingEventMask:untilDate:inMode:dequeue:]+0x1c6
C  [AppKit+0x2b7b4e]  -[NSApplication _doModalLoop:peek:]+0x28d
C  [AppKit+0x49879b]  __35-[NSApplication runModalForWindow:]_block_invoke+0x7e
C  [AppKit+0x2b5441]  -[NSApplication runModalForWindow:]+0x9c
C  [AppKit+0x48b367]  __19-[NSAlert runModal]_block_invoke+0x9e
C  [AppKit+0x333ce8]  -[NSAlert runModal]+0x8b
C  [AppKit+0x366e2a]  __55-[NSPersistentUIRestorer promptToIgnorePersistentState]_block_invoke+0x413
C  [AppKit+0x3669da]  -[NSApplication _suppressFinishLaunchingFromEventHandlersWhilePerformingBlock:]+0x1c
C  [AppKit+0x36697d]  -[NSPersistentUIRestorer promptToIgnorePersistentState]+0xf7
C  [AppKit+0x4e075]  -[NSApplication _reopenWindowsAsNecessaryIncludingRestorableState:completionHandler:]+0xc4
C  [AppKit+0x4de90]  -[NSApplication(NSAppleEventHandling) _handleAEOpenEvent:]+0x220
C  [AppKit+0x4d947]  -[NSApplication(NSAppleEventHandling) _handleCoreEvent:withReplyEvent:]+0xfa
C  [Foundation+0x5562d]  -[NSAppleEventManager dispatchRawAppleEvent:withRawReply:handlerRefCon:]+0x122
C  [Foundation+0x554a7]  _NSAppleEventManagerGenericHandler+0x66
C  [AE+0x8261]  _Z20aeDispatchAppleEventPK6AEDescPS_jPh+0x213
C  [AE+0x7fe8]  _ZL25dispatchEventAndSendReplyPK6AEDescPS_+0x1f
C  [AE+0x7f04]  aeProcessAppleEvent+0x120
C  [HIToolbox+0x40af9]  AEProcessAppleEvent+0x37
C  [AppKit+0x49394]  _DPSNextEvent+0x8c5
C  [AppKit+0x4832a]  -[NSApplication _nextEventMatchingEventMask:untilDate:inMode:dequeue:]+0x1c6
C  [AppKit+0x3ce84]  -[NSApplication run]+0x2aa
C  [libglass.dylib+0x65ec]  -[GlassApplication runLoop:]+0x72c
C  [Foundation+0x76f5e]  __NSThreadPerformPerform+0x117
C  [CoreFoundation+0xaa881]  __CFRUNLOOP_IS_CALLING_OUT_TO_A_SOURCE0_PERFORM_FUNCTION__+0x11
C  [CoreFoundation+0x89fbc]  __CFRunLoopDoSources0+0x22c
...<more frames>...

Java frames: (J=compiled Java code, j=interpreted, Vv=VM code)
j  com.sun.glass.ui.mac.MacWindow._setBounds(JIIZZIIIIFF)V+0
j  com.sun.glass.ui.Window.setBounds(IIZZIIIIFF)V+29
j  com.sun.javafx.tk.quantum.WindowStage.setBounds(FFZZFFFFFF)V+462
j  javafx.stage.Window$TKBoundsConfigurator.apply()V+110
j  javafx.stage.Window.applyBounds()V+4
j  javafx.stage.Window.adjustSize(Z)V+198
j  javafx.stage.Window.access$600(Ljavafx/stage/Window;Z)V+2
j  javafx.stage.Window$9.invalidated()V+281
j  javafx.beans.property.BooleanPropertyBase.markInvalid()V+13
j  javafx.beans.property.BooleanPropertyBase.set(Z)V+106
j  javafx.stage.Window.setShowing(Z)V+11
j  javafx.stage.Window.show()V+2
j  javafx.stage.Stage.show()V+1
j  sample.Main.start(Ljavafx/stage/Stage;)V+68
j  com.sun.javafx.application.LauncherImpl.lambda$launchApplication1$163(Ljava/util/concurrent/atomic/AtomicBoolean;Ljavafx/application/Application;)V+20
j  com.sun.javafx.application.LauncherImpl$$Lambda$53.run()V+8
j  com.sun.javafx.application.PlatformImpl.lambda$runAndWait$176(Ljava/lang/Runnable;Ljava/util/concurrent/CountDownLatch;)V+1
j  com.sun.javafx.application.PlatformImpl$$Lambda$49.run()V+8
j  com.sun.javafx.application.PlatformImpl.lambda$null$174(Ljava/lang/Runnable;)Ljava/lang/Void;+1
j  com.sun.javafx.application.PlatformImpl$$Lambda$51.run()Ljava/lang/Object;+4
v  ~StubRoutines::call_stub
j  java.security.AccessController.doPrivileged(Ljava/security/PrivilegedAction;Ljava/security/AccessControlContext;)Ljava/lang/Object;+0
j  com.sun.javafx.application.PlatformImpl.lambda$runLater$175(Ljava/lang/Runnable;Ljava/security/AccessControlContext;)V+7
j  com.sun.javafx.application.PlatformImpl$$Lambda$50.run()V+8
j  com.sun.glass.ui.InvokeLaterDispatcher$Future.run()V+4
v  ~StubRoutines::call_stub

---------------  P R O C E S S  ---------------

Java Threads: ( => current thread )
  0x00007ff26c949000 JavaThread "Thread-4" daemon [_thread_in_native, id=38659, stack(0x00007000014d9000,0x0000700001559000)]
=>0x00007ff26b8e2800 JavaThread "JavaFX Application Thread" [_thread_in_native, id=2571, stack(0x00007fff4f73d000,0x00007fff4ff3d000)]
  0x00007ff26c1e4800 JavaThread "Thread-2" daemon [_thread_blocked, id=26127, stack(0x0000700001353000,0x0000700001453000)]
  0x00007ff26d048800 JavaThread "QuantumRenderer-0" daemon [_thread_blocked, id=20739, stack(0x0000700001250000,0x0000700001350000)]
  0x00007ff26b892000 JavaThread "JavaFX-Launcher" [_thread_blocked, id=20227, stack(0x000070000114d000,0x000070000124d000)]
  0x00007ff26c0ab800 JavaThread "Monitor Ctrl-Break" daemon [_thread_in_native, id=19715, stack(0x000070000104a000,0x000070000114a000)]
  0x00007ff26c863000 JavaThread "Service Thread" daemon [_thread_blocked, id=18691, stack(0x0000700000e44000,0x0000700000f44000)]
  0x00007ff26c832000 JavaThread "C1 CompilerThread2" daemon [_thread_blocked, id=18179, stack(0x0000700000d41000,0x0000700000e41000)]
  0x00007ff26d01f800 JavaThread "C2 CompilerThread1" daemon [_thread_blocked, id=17667, stack(0x0000700000c3e000,0x0000700000d3e000)]
  0x00007ff26c01a000 JavaThread "C2 CompilerThread0" daemon [_thread_blocked, id=17155, stack(0x0000700000b3b000,0x0000700000c3b000)]
  0x00007ff26d01e000 JavaThread "Signal Dispatcher" daemon [_thread_blocked, id=13071, stack(0x0000700000a38000,0x0000700000b38000)]
  0x00007ff26c007000 JavaThread "Finalizer" daemon [_thread_blocked, id=11779, stack(0x000070000082f000,0x000070000092f000)]
  0x00007ff26d014000 JavaThread "Reference Handler" daemon [_thread_blocked, id=11267, stack(0x000070000072c000,0x000070000082c000)]
  0x00007ff26b808800 JavaThread "main" [_thread_blocked, id=4099, stack(0x0000700000084000,0x0000700000184000)]

Other Threads:
  0x00007ff26c008800 VMThread [stack: 0x0000700000629000,0x0000700000729000] [id=10755]
  0x00007ff26d01d000 WatcherThread [stack: 0x0000700000f47000,0x0000700001047000] [id=19203]

VM state:not at safepoint (normal execution)

VM Mutex/Monitor currently owned by a thread: None

Heap:
 PSYoungGen      total 38400K, used 20540K [0x0000000795580000, 0x0000000798000000, 0x00000007c0000000)
  eden space 33280K, 61% used [0x0000000795580000,0x000000079698f208,0x0000000797600000)
  from space 5120K, 0% used [0x0000000797b00000,0x0000000797b00000,0x0000000798000000)
  to   space 5120K, 0% used [0x0000000797600000,0x0000000797600000,0x0000000797b00000)
 ParOldGen       total 87552K, used 0K [0x0000000740000000, 0x0000000745580000, 0x0000000795580000)
  object space 87552K, 0% used [0x0000000740000000,0x0000000740000000,0x0000000745580000)
 Metaspace       used 11010K, capacity 11338K, committed 11520K, reserved 1058816K
  class space    used 1408K, capacity 1530K, committed 1536K, reserved 1048576K

Card table byte_map: [0x0000000120c00000,0x0000000121001000] byte_map_base: 0x000000011d200000

Marking Bits: (ParMarkBitMap*) 0x000000011081de20
 Begin Bits: [0x00000001212ac000, 0x00000001232ac000)
 End Bits:   [0x00000001232ac000, 0x00000001252ac000)

Polling page: 0x0000000110f0b000

CodeCache: size=245760Kb used=2489Kb max_used=2489Kb free=243270Kb
 bounds [0x0000000110f1e000, 0x000000011118e000, 0x000000011ff1e000]
 total_blobs=1073 nmethods=570 adapters=417
 compilation: enabled

Compilation events (10 events):
Event: 1.430 Thread 0x00007ff26c832000  564       3       jdk.internal.org.objectweb.asm.MethodWriter::visitMethodInsn (220 bytes)
Event: 1.431 Thread 0x00007ff26c832000 nmethod 564 0x0000000111188cd0 code [0x0000000111188ec0, 0x0000000111189568]
Event: 1.431 Thread 0x00007ff26c832000  565       3       jdk.internal.org.objectweb.asm.ClassWriter::newMethodItem (91 bytes)
Event: 1.432 Thread 0x00007ff26c832000 nmethod 565 0x0000000111187b90 code [0x0000000111187d80, 0x00000001111883d8]
Event: 1.432 Thread 0x00007ff26c832000  567       3       java.lang.invoke.MethodHandle::<init> (35 bytes)
Event: 1.432 Thread 0x00007ff26c832000 nmethod 567 0x000000011118bc10 code [0x000000011118bda0, 0x000000011118c178]
Event: 1.432 Thread 0x00007ff26c832000  568       3       java.lang.invoke.LambdaForm::prepare (43 bytes)
Event: 1.433 Thread 0x00007ff26c832000 nmethod 568 0x000000011118c310 code [0x000000011118c4a0, 0x000000011118c7e8]
Event: 1.436 Thread 0x00007ff26c832000  570       1       java.lang.invoke.MethodType::parameterCount (6 bytes)
Event: 1.436 Thread 0x00007ff26c832000 nmethod 570 0x000000011118c910 code [0x000000011118ca60, 0x000000011118cb70]

GC Heap History (0 events):
No events

Deoptimization events (3 events):
Event: 0.240 Thread 0x00007ff26b808800 Uncommon trap: reason=unstable_if action=reinterpret pc=0x000000011103f7e8 method=java.lang.String.hashCode()I @ 14
Event: 1.060 Thread 0x00007ff26b8e2800 Uncommon trap: reason=unstable_if action=reinterpret pc=0x00000001110d6644 method=java.lang.String.replace(CC)Ljava/lang/String; @ 26
Event: 1.201 Thread 0x00007ff26b8e2800 Uncommon trap: reason=unstable_if action=reinterpret pc=0x00000001110f2b5c method=java.lang.String.indexOf([CII[CIII)I @ 134

Internal exceptions (10 events):
Event: 0.229 Thread 0x00007ff26b808800 Exception <a 'java/security/PrivilegedActionException'> (0x0000000795794630) thrown at [/Users/java_re/workspace/8-2-build-macosx-x86_64/jdk8u65/4987/hotspot/src/share/vm/prims/jvm.cpp, line 1386]
Event: 0.367 Thread 0x00007ff26b808800 Exception <a 'java/lang/NoSuchFieldError': method resolution failed> (0x0000000795995688) thrown at [/Users/java_re/workspace/8-2-build-macosx-x86_64/jdk8u65/4987/hotspot/src/share/vm/prims/methodHandles.cpp, line 1146]
Event: 0.370 Thread 0x00007ff26b808800 Exception <a 'java/lang/NoSuchFieldError': method resolution failed> (0x00000007959a2a08) thrown at [/Users/java_re/workspace/8-2-build-macosx-x86_64/jdk8u65/4987/hotspot/src/share/vm/prims/methodHandles.cpp, line 1146]
Event: 0.406 Thread 0x00007ff26b892000 Exception <a 'java/security/PrivilegedActionException'> (0x0000000795ad3148) thrown at [/Users/java_re/workspace/8-2-build-macosx-x86_64/jdk8u65/4987/hotspot/src/share/vm/prims/jvm.cpp, line 1386]
Event: 0.406 Thread 0x00007ff26b892000 Exception <a 'java/security/PrivilegedActionException'> (0x0000000795ad3358) thrown at [/Users/java_re/workspace/8-2-build-macosx-x86_64/jdk8u65/4987/hotspot/src/share/vm/prims/jvm.cpp, line 1386]
Event: 0.406 Thread 0x00007ff26b892000 Exception <a 'java/security/PrivilegedActionException'> (0x0000000795ad61b8) thrown at [/Users/java_re/workspace/8-2-build-macosx-x86_64/jdk8u65/4987/hotspot/src/share/vm/prims/jvm.cpp, line 1386]
Event: 0.406 Thread 0x00007ff26b892000 Exception <a 'java/security/PrivilegedActionException'> (0x0000000795ad63c8) thrown at [/Users/java_re/workspace/8-2-build-macosx-x86_64/jdk8u65/4987/hotspot/src/share/vm/prims/jvm.cpp, line 1386]
Event: 0.407 Thread 0x00007ff26b892000 Exception <a 'java/lang/NullPointerException'> (0x0000000795ad7d40) thrown at [/Users/java_re/workspace/8-2-build-macosx-x86_64/jdk8u65/4987/hotspot/src/share/vm/interpreter/linkResolver.cpp, line 1178]
Event: 1.159 Thread 0x00007ff26b8e2800 Exception <a 'java/lang/NullPointerException'> (0x000000079642f4d0) thrown at [/Users/java_re/workspace/8-2-build-macosx-x86_64/jdk8u65/4987/hotspot/src/share/vm/interpreter/linkResolver.cpp, line 1178]
Event: 1.159 Thread 0x00007ff26b8e2800 Exception <a 'java/lang/NullPointerException'> (0x000000079642f4d0) thrown at [/Users/java_re/workspace/8-2-build-macosx-x86_64/jdk8u65/4987/hotspot/src/share/vm/prims/jvm.cpp, line 1390]

Events (10 events):
Event: 1.439 loading class java/util/SortedSet
Event: 1.440 loading class java/util/SortedSet done
Event: 1.440 loading class java/util/NavigableSet done
Event: 1.440 loading class java/util/TreeSet done
Event: 1.440 loading class java/util/TreeMap
Event: 1.440 loading class java/util/NavigableMap
Event: 1.440 loading class java/util/NavigableMap done
Event: 1.441 loading class java/util/TreeMap done
Event: 1.441 loading class javafx/scene/layout/Region$11
Event: 1.441 loading class javafx/scene/layout/Region$11 done


Dynamic libraries:
0x0000000003cc6000 	/System/Library/Frameworks/Cocoa.framework/Versions/A/Cocoa
0x0000000003cc6000 	/System/Library/Frameworks/Security.framework/Versions/A/Security
0x0000000003cc6000 	/System/Library/Frameworks/ApplicationServices.framework/Versions/A/ApplicationServices
0x0000000003cc6000 	/usr/lib/libz.1.dylib
0x0000000003cc6000 	/usr/lib/libSystem.B.dylib
0x0000000003cc6000 	/usr/lib/libobjc.A.dylib
0x0000000003cc6000 	/System/Library/Frameworks/CoreFoundation.framework/Versions/A/CoreFoundation
0x0000000003cc6000 	/System/Library/Frameworks/Foundation.framework/Versions/C/Foundation
0x0000000003cc6000 	/System/Library/Frameworks/AppKit.framework/Versions/C/AppKit
0x0000000003cc6000 	/System/Library/Frameworks/CoreData.framework/Versions/A/CoreData
0x0000000003cc6000 	/System/Library/PrivateFrameworks/RemoteViewServices.framework/Versions/A/RemoteViewServices
0x0000000003cc6000 	/System/Library/PrivateFrameworks/UIFoundation.framework/Versions/A/UIFoundation
0x0000000003cc6000 	/usr/lib/libScreenReader.dylib
0x0000000003cc6000 	/System/Library/Frameworks/Accelerate.framework/Versions/A/Accelerate
0x0000000003cc6000 	/System/Library/Frameworks/IOSurface.framework/Versions/A/IOSurface
0x0000000003cc6000 	/System/Library/Frameworks/AudioToolbox.framework/Versions/A/AudioToolbox
0x0000000003cc6000 	/System/Library/Frameworks/AudioUnit.framework/Versions/A/AudioUnit
0x0000000003cc6000 	/System/Library/PrivateFrameworks/DataDetectorsCore.framework/Versions/A/DataDetectorsCore
0x0000000003cc6000 	/System/Library/PrivateFrameworks/DesktopServicesPriv.framework/Versions/A/DesktopServicesPriv
0x0000000003cc6000 	/System/Library/Frameworks/Carbon.framework/Versions/A/Frameworks/HIToolbox.framework/Versions/A/HIToolbox
0x0000000003cc6000 	/System/Library/Frameworks/QuartzCore.framework/Versions/A/QuartzCore
0x0000000003cc6000 	/System/Library/Frameworks/Carbon.framework/Versions/A/Frameworks/SpeechRecognition.framework/Versions/A/SpeechRecognition
0x0000000003cc6000 	/usr/lib/libauto.dylib
0x0000000003cc6000 	/usr/lib/libicucore.A.dylib
0x0000000003cc6000 	/usr/lib/libxml2.2.dylib
0x0000000003cc6000 	/System/Library/PrivateFrameworks/CoreUI.framework/Versions/A/CoreUI
0x0000000003cc6000 	/System/Library/Frameworks/CoreAudio.framework/Versions/A/CoreAudio
0x0000000003cc6000 	/System/Library/Frameworks/DiskArbitration.framework/Versions/A/DiskArbitration
0x0000000003cc6000 	/usr/lib/liblangid.dylib
0x0000000003cc6000 	/System/Library/PrivateFrameworks/MultitouchSupport.framework/Versions/A/MultitouchSupport
0x0000000003cc6000 	/System/Library/Frameworks/IOKit.framework/Versions/A/IOKit
0x0000000003cc6000 	/usr/lib/libDiagnosticMessagesClient.dylib
0x0000000003cc6000 	/System/Library/Frameworks/CoreServices.framework/Versions/A/CoreServices
0x0000000003cc6000 	/System/Library/PrivateFrameworks/PerformanceAnalysis.framework/Versions/A/PerformanceAnalysis
0x0000000003cc6000 	/System/Library/PrivateFrameworks/GenerationalStorage.framework/Versions/A/GenerationalStorage
0x0000000003cc6000 	/System/Library/Frameworks/OpenGL.framework/Versions/A/OpenGL
0x0000000003cc6000 	/System/Library/PrivateFrameworks/Sharing.framework/Versions/A/Sharing
0x0000000003cc6000 	/System/Library/Frameworks/CoreGraphics.framework/Versions/A/CoreGraphics
0x0000000003cc6000 	/System/Library/Frameworks/CoreImage.framework/Versions/A/CoreImage
0x0000000003cc6000 	/System/Library/Frameworks/CoreText.framework/Versions/A/CoreText
0x0000000003cc6000 	/System/Library/Frameworks/ImageIO.framework/Versions/A/ImageIO
0x0000000003cc6000 	/System/Library/PrivateFrameworks/Backup.framework/Versions/A/Backup
0x0000000003cc6000 	/usr/lib/libextension.dylib
0x0000000003cc6000 	/usr/lib/libarchive.2.dylib
0x0000000003cc6000 	/System/Library/Frameworks/CFNetwork.framework/Versions/A/CFNetwork
0x0000000003cc6000 	/System/Library/Frameworks/SystemConfiguration.framework/Versions/A/SystemConfiguration
0x0000000003cc6000 	/usr/lib/libCRFSuite.dylib
0x0000000003cc6000 	/usr/lib/libc++.1.dylib
0x0000000003cc6000 	/usr/lib/libc++abi.dylib
0x0000000003cc6000 	/usr/lib/system/libcache.dylib
0x0000000003cc6000 	/usr/lib/system/libcommonCrypto.dylib
0x0000000003cc6000 	/usr/lib/system/libcompiler_rt.dylib
0x0000000003cc6000 	/usr/lib/system/libcopyfile.dylib
0x0000000003cc6000 	/usr/lib/system/libcorecrypto.dylib
0x0000000003cc6000 	/usr/lib/system/libdispatch.dylib
0x0000000003cc6000 	/usr/lib/system/libdyld.dylib
0x0000000003cc6000 	/usr/lib/system/libkeymgr.dylib
0x0000000003cc6000 	/usr/lib/system/liblaunch.dylib
0x0000000003cc6000 	/usr/lib/system/libmacho.dylib
0x0000000003cc6000 	/usr/lib/system/libquarantine.dylib
0x0000000003cc6000 	/usr/lib/system/libremovefile.dylib
0x0000000003cc6000 	/usr/lib/system/libsystem_asl.dylib
0x0000000003cc6000 	/usr/lib/system/libsystem_blocks.dylib
0x0000000003cc6000 	/usr/lib/system/libsystem_c.dylib
0x0000000003cc6000 	/usr/lib/system/libsystem_configuration.dylib
0x0000000003cc6000 	/usr/lib/system/libsystem_coreservices.dylib
0x0000000003cc6000 	/usr/lib/system/libsystem_coretls.dylib
0x0000000003cc6000 	/usr/lib/system/libsystem_dnssd.dylib
0x0000000003cc6000 	/usr/lib/system/libsystem_info.dylib
0x0000000003cc6000 	/usr/lib/system/libsystem_kernel.dylib
0x0000000003cc6000 	/usr/lib/system/libsystem_m.dylib
0x0000000003cc6000 	/usr/lib/system/libsystem_malloc.dylib
0x0000000003cc6000 	/usr/lib/system/libsystem_network.dylib
0x0000000003cc6000 	/usr/lib/system/libsystem_networkextension.dylib
0x0000000003cc6000 	/usr/lib/system/libsystem_notify.dylib
0x0000000003cc6000 	/usr/lib/system/libsystem_platform.dylib
0x0000000003cc6000 	/usr/lib/system/libsystem_pthread.dylib
0x0000000003cc6000 	/usr/lib/system/libsystem_sandbox.dylib
0x0000000003cc6000 	/usr/lib/system/libsystem_secinit.dylib
0x0000000003cc6000 	/usr/lib/system/libsystem_trace.dylib
0x0000000003cc6000 	/usr/lib/system/libunc.dylib
0x0000000003cc6000 	/usr/lib/system/libunwind.dylib
0x0000000003cc6000 	/usr/lib/system/libxpc.dylib
0x0000000003cc6000 	/usr/lib/libenergytrace.dylib
0x0000000003cc6000 	/usr/lib/libbsm.0.dylib
0x0000000003cc6000 	/usr/lib/system/libkxld.dylib
0x0000000003cc6000 	/usr/lib/libxar.1.dylib
0x0000000003cc6000 	/usr/lib/libsqlite3.dylib
0x0000000003cc6000 	/usr/lib/libpam.2.dylib
0x0000000003cc6000 	/usr/lib/libOpenScriptingUtil.dylib
0x0000000003cc6000 	/usr/lib/libbz2.1.0.dylib
0x0000000003cc6000 	/usr/lib/liblzma.5.dylib
0x0000000003cc6000 	/System/Library/Frameworks/CoreServices.framework/Versions/A/Frameworks/FSEvents.framework/Versions/A/FSEvents
0x0000000003cc6000 	/System/Library/Frameworks/CoreServices.framework/Versions/A/Frameworks/CarbonCore.framework/Versions/A/CarbonCore
0x0000000003cc6000 	/System/Library/Frameworks/CoreServices.framework/Versions/A/Frameworks/Metadata.framework/Versions/A/Metadata
0x0000000003cc6000 	/System/Library/Frameworks/CoreServices.framework/Versions/A/Frameworks/OSServices.framework/Versions/A/OSServices
0x0000000003cc6000 	/System/Library/Frameworks/CoreServices.framework/Versions/A/Frameworks/SearchKit.framework/Versions/A/SearchKit
0x0000000003cc6000 	/System/Library/Frameworks/CoreServices.framework/Versions/A/Frameworks/AE.framework/Versions/A/AE
0x0000000003cc6000 	/System/Library/Frameworks/CoreServices.framework/Versions/A/Frameworks/LaunchServices.framework/Versions/A/LaunchServices
0x0000000003cc6000 	/System/Library/Frameworks/CoreServices.framework/Versions/A/Frameworks/DictionaryServices.framework/Versions/A/DictionaryServices
0x0000000003cc6000 	/System/Library/Frameworks/CoreServices.framework/Versions/A/Frameworks/SharedFileList.framework/Versions/A/SharedFileList
0x0000000003cc6000 	/System/Library/Frameworks/NetFS.framework/Versions/A/NetFS
0x0000000003cc6000 	/System/Library/PrivateFrameworks/NetAuth.framework/Versions/A/NetAuth
0x0000000003cc6000 	/System/Library/PrivateFrameworks/login.framework/Versions/A/Frameworks/loginsupport.framework/Versions/A/loginsupport
0x0000000003cc6000 	/System/Library/PrivateFrameworks/TCC.framework/Versions/A/TCC
0x0000000003cc6000 	/usr/lib/libmecabra.dylib
0x0000000003cc6000 	/System/Library/Frameworks/ApplicationServices.framework/Versions/A/Frameworks/ATS.framework/Versions/A/ATS
0x0000000003cc6000 	/System/Library/Frameworks/ApplicationServices.framework/Versions/A/Frameworks/ColorSync.framework/Versions/A/ColorSync
0x0000000003cc6000 	/System/Library/Frameworks/ApplicationServices.framework/Versions/A/Frameworks/HIServices.framework/Versions/A/HIServices
0x0000000003cc6000 	/System/Library/Frameworks/ApplicationServices.framework/Versions/A/Frameworks/LangAnalysis.framework/Versions/A/LangAnalysis
0x0000000003cc6000 	/System/Library/Frameworks/ApplicationServices.framework/Versions/A/Frameworks/PrintCore.framework/Versions/A/PrintCore
0x0000000003cc6000 	/System/Library/Frameworks/ApplicationServices.framework/Versions/A/Frameworks/QD.framework/Versions/A/QD
0x0000000003cc6000 	/System/Library/Frameworks/ApplicationServices.framework/Versions/A/Frameworks/SpeechSynthesis.framework/Versions/A/SpeechSynthesis
0x0000000003cc6000 	/System/Library/Frameworks/Metal.framework/Versions/A/Metal
0x0000000003cc6000 	/System/Library/Frameworks/Accelerate.framework/Versions/A/Frameworks/vImage.framework/Versions/A/vImage
0x0000000003cc6000 	/System/Library/Frameworks/Accelerate.framework/Versions/A/Frameworks/vecLib.framework/Versions/A/vecLib
0x0000000003cc6000 	/System/Library/Frameworks/Accelerate.framework/Versions/A/Frameworks/vecLib.framework/Versions/A/libvDSP.dylib
0x0000000003cc6000 	/System/Library/Frameworks/Accelerate.framework/Versions/A/Frameworks/vecLib.framework/Versions/A/libvMisc.dylib
0x0000000003cc6000 	/System/Library/Frameworks/Accelerate.framework/Versions/A/Frameworks/vecLib.framework/Versions/A/libLAPACK.dylib
0x0000000003cc6000 	/System/Library/Frameworks/Accelerate.framework/Versions/A/Frameworks/vecLib.framework/Versions/A/libBLAS.dylib
0x0000000003cc6000 	/System/Library/Frameworks/Accelerate.framework/Versions/A/Frameworks/vecLib.framework/Versions/A/libLinearAlgebra.dylib
0x0000000003cc6000 	/System/Library/Frameworks/Accelerate.framework/Versions/A/Frameworks/vecLib.framework/Versions/A/libSparseBLAS.dylib
0x0000000003cc6000 	/System/Library/PrivateFrameworks/GPUCompiler.framework/libmetal_timestamp.dylib
0x0000000003cc6000 	/System/Library/Frameworks/OpenGL.framework/Versions/A/Libraries/libCoreFSCache.dylib
0x0000000003cc6000 	/System/Library/PrivateFrameworks/IOAccelerator.framework/Versions/A/IOAccelerator
0x0000000003cc6000 	/System/Library/Frameworks/ApplicationServices.framework/Versions/A/Frameworks/ATS.framework/Versions/A/Resources/libFontParser.dylib
0x0000000003cc6000 	/System/Library/Frameworks/ApplicationServices.framework/Versions/A/Frameworks/ATS.framework/Versions/A/Resources/libFontRegistry.dylib
0x0000000003cc6000 	/System/Library/PrivateFrameworks/AppleVPA.framework/Versions/A/AppleVPA
0x0000000003cc6000 	/System/Library/PrivateFrameworks/AppleJPEG.framework/Versions/A/AppleJPEG
0x0000000003cc6000 	/System/Library/Frameworks/ImageIO.framework/Versions/A/Resources/libJPEG.dylib
0x0000000003cc6000 	/System/Library/Frameworks/ImageIO.framework/Versions/A/Resources/libTIFF.dylib
0x0000000003cc6000 	/System/Library/Frameworks/ImageIO.framework/Versions/A/Resources/libPng.dylib
0x0000000003cc6000 	/System/Library/Frameworks/ImageIO.framework/Versions/A/Resources/libGIF.dylib
0x0000000003cc6000 	/System/Library/Frameworks/ImageIO.framework/Versions/A/Resources/libJP2.dylib
0x0000000003cc6000 	/System/Library/Frameworks/ImageIO.framework/Versions/A/Resources/libRadiance.dylib
0x0000000003cc6000 	/System/Library/Frameworks/CoreVideo.framework/Versions/A/CoreVideo
0x0000000003cc6000 	/System/Library/Frameworks/OpenGL.framework/Versions/A/Libraries/libGLU.dylib
0x0000000003cc6000 	/System/Library/Frameworks/OpenGL.framework/Versions/A/Libraries/libGFXShared.dylib
0x0000000003cc6000 	/System/Library/Frameworks/OpenGL.framework/Versions/A/Libraries/libGL.dylib
0x0000000003cc6000 	/System/Library/Frameworks/OpenGL.framework/Versions/A/Libraries/libGLImage.dylib
0x0000000003cc6000 	/System/Library/Frameworks/OpenGL.framework/Versions/A/Libraries/libCVMSPluginSupport.dylib
0x0000000003cc6000 	/System/Library/Frameworks/OpenGL.framework/Versions/A/Libraries/libCoreVMClient.dylib
0x0000000003cc6000 	/usr/lib/libcups.2.dylib
0x0000000003cc6000 	/System/Library/Frameworks/Kerberos.framework/Versions/A/Kerberos
0x0000000003cc6000 	/System/Library/Frameworks/GSS.framework/Versions/A/GSS
0x0000000003cc6000 	/usr/lib/libresolv.9.dylib
0x0000000003cc6000 	/usr/lib/libiconv.2.dylib
0x0000000003cc6000 	/System/Library/PrivateFrameworks/Heimdal.framework/Versions/A/Heimdal
0x0000000003cc6000 	/usr/lib/libheimdal-asn1.dylib
0x0000000003cc6000 	/System/Library/Frameworks/OpenDirectory.framework/Versions/A/OpenDirectory
0x0000000003cc6000 	/System/Library/PrivateFrameworks/CommonAuth.framework/Versions/A/CommonAuth
0x0000000003cc6000 	/System/Library/Frameworks/OpenDirectory.framework/Versions/A/Frameworks/CFOpenDirectory.framework/Versions/A/CFOpenDirectory
0x0000000003cc6000 	/System/Library/Frameworks/SecurityFoundation.framework/Versions/A/SecurityFoundation
0x0000000003cc6000 	/System/Library/PrivateFrameworks/LanguageModeling.framework/Versions/A/LanguageModeling
0x0000000003cc6000 	/usr/lib/libmarisa.dylib
0x0000000003cc6000 	/usr/lib/libChineseTokenizer.dylib
0x0000000003cc6000 	/usr/lib/libcmph.dylib
0x0000000003cc6000 	/usr/lib/libcompression.dylib
0x0000000003cc6000 	/System/Library/Frameworks/ServiceManagement.framework/Versions/A/ServiceManagement
0x0000000003cc6000 	/usr/lib/libxslt.1.dylib
0x0000000003cc6000 	/System/Library/Frameworks/Carbon.framework/Versions/A/Frameworks/Ink.framework/Versions/A/Ink
0x0000000003cc6000 	/usr/lib/libFosl_dynamic.dylib
0x0000000003cc6000 	/System/Library/PrivateFrameworks/FaceCore.framework/Versions/A/FaceCore
0x0000000003cc6000 	/System/Library/Frameworks/OpenCL.framework/Versions/A/OpenCL
0x0000000003cc6000 	/System/Library/PrivateFrameworks/CrashReporterSupport.framework/Versions/A/CrashReporterSupport
0x0000000003cc6000 	/System/Library/PrivateFrameworks/IconServices.framework/Versions/A/IconServices
0x0000000003cc6000 	/System/Library/PrivateFrameworks/Apple80211.framework/Versions/A/Apple80211
0x0000000003cc6000 	/System/Library/Frameworks/CoreWLAN.framework/Versions/A/CoreWLAN
0x0000000003cc6000 	/System/Library/Frameworks/IOBluetooth.framework/Versions/A/IOBluetooth
0x0000000003cc6000 	/System/Library/PrivateFrameworks/CoreWiFi.framework/Versions/A/CoreWiFi
0x0000000003cc6000 	/System/Library/Frameworks/CoreBluetooth.framework/Versions/A/CoreBluetooth
0x0000000003cc6000 	/System/Library/PrivateFrameworks/ChunkingLibrary.framework/Versions/A/ChunkingLibrary
0x0000000003cc6000 	/System/Library/PrivateFrameworks/DebugSymbols.framework/Versions/A/DebugSymbols
0x0000000003cc6000 	/System/Library/PrivateFrameworks/CoreSymbolication.framework/Versions/A/CoreSymbolication
0x0000000003cc6000 	/System/Library/PrivateFrameworks/Symbolication.framework/Versions/A/Symbolication
0x0000000003cc6000 	/System/Library/PrivateFrameworks/SpeechRecognitionCore.framework/Versions/A/SpeechRecognitionCore
0x000000010ff3f000 	/Library/Java/JavaVirtualMachines/jdk8/Contents/Home/jre/lib/server/libjvm.dylib
0x0000000003cc6000 	/usr/lib/libstdc++.6.dylib
0x0000000110ec8000 	/Library/Java/JavaVirtualMachines/jdk8/Contents/Home/jre/lib/libverify.dylib
0x0000000110ed6000 	/Library/Java/JavaVirtualMachines/jdk8/Contents/Home/jre/lib/libjava.dylib
0x0000000110f15000 	/Library/Java/JavaVirtualMachines/jdk8/Contents/Home/jre/lib/libzip.dylib
0x0000000127086000 	/System/Library/Frameworks/JavaVM.framework/Frameworks/JavaRuntimeSupport.framework/JavaRuntimeSupport
0x00000001270a1000 	/System/Library/Frameworks/JavaVM.framework/Versions/A/Frameworks/JavaNativeFoundation.framework/Versions/A/JavaNativeFoundation
0x00000001270b6000 	/System/Library/Frameworks/JavaVM.framework/Versions/A/JavaVM
0x0000000003cc6000 	/System/Library/Frameworks/Carbon.framework/Versions/A/Carbon
0x00000001270c3000 	/System/Library/PrivateFrameworks/JavaLaunching.framework/Versions/A/JavaLaunching
0x0000000003cc6000 	/System/Library/Frameworks/Carbon.framework/Versions/A/Frameworks/CommonPanels.framework/Versions/A/CommonPanels
0x0000000003cc6000 	/System/Library/Frameworks/Carbon.framework/Versions/A/Frameworks/Help.framework/Versions/A/Help
0x0000000003cc6000 	/System/Library/Frameworks/Carbon.framework/Versions/A/Frameworks/ImageCapture.framework/Versions/A/ImageCapture
0x0000000003cc6000 	/System/Library/Frameworks/Carbon.framework/Versions/A/Frameworks/OpenScripting.framework/Versions/A/OpenScripting
0x0000000003cc6000 	/System/Library/Frameworks/Carbon.framework/Versions/A/Frameworks/Print.framework/Versions/A/Print
0x0000000003cc6000 	/System/Library/Frameworks/Carbon.framework/Versions/A/Frameworks/SecurityHI.framework/Versions/A/SecurityHI
0x0000000128b3f000 	/Applications/IntelliJ IDEA.app/Contents/bin/libbreakgen64.jnilib
0x0000000128bd8000 	/Library/Java/JavaVirtualMachines/jdk8/Contents/Home/jre/lib/libnet.dylib
0x0000000128c37000 	/Library/Java/JavaVirtualMachines/jdk8/Contents/Home/jre/lib/libprism_es2.dylib
0x0000000003cc6000 	/System/Library/Frameworks/OpenGL.framework/Versions/A/Resources/GLEngine.bundle/GLEngine
0x0000000003cc6000 	/System/Library/Frameworks/OpenGL.framework/Versions/A/Libraries/libGLProgrammability.dylib
0x0000000128cb9000 	/System/Library/Extensions/AppleIntelBDWGraphicsGLDriver.bundle/Contents/MacOS/AppleIntelBDWGraphicsGLDriver
0x0000000003cc6000 	/System/Library/PrivateFrameworks/GPUSupport.framework/Versions/A/Libraries/libGPUSupportMercury.dylib
0x0000000003cc6000 	/System/Library/Frameworks/OpenGL.framework/Versions/A/Resources/GLRendererFloat.bundle/GLRendererFloat
0x0000000003cc6000 	/System/Library/Frameworks/OpenCL.framework/Versions/A/Libraries/libcldcpuengine.dylib
0x0000000003cc6000 	/System/Library/PrivateFrameworks/DiskImages.framework/Versions/A/DiskImages
0x0000000003cc6000 	/System/Library/Frameworks/DiscRecording.framework/Versions/A/DiscRecording
0x0000000003cc6000 	/usr/lib/libcsfde.dylib
0x0000000003cc6000 	/usr/lib/libcurl.4.dylib
0x0000000003cc6000 	/System/Library/PrivateFrameworks/MediaKit.framework/Versions/A/MediaKit
0x0000000003cc6000 	/System/Library/PrivateFrameworks/ProtectedCloudStorage.framework/Versions/A/ProtectedCloudStorage
0x0000000003cc6000 	/usr/lib/libCoreStorage.dylib
0x0000000003cc6000 	/System/Library/PrivateFrameworks/EFILogin.framework/Versions/A/EFILogin
0x0000000003cc6000 	/usr/lib/libutil.dylib
0x0000000003cc6000 	/System/Library/PrivateFrameworks/FindMyDevice.framework/Versions/A/FindMyDevice
0x0000000003cc6000 	/System/Library/Frameworks/LDAP.framework/Versions/A/LDAP
0x0000000003cc6000 	/usr/lib/libsasl2.2.dylib
0x0000000003cc6000 	/System/Library/PrivateFrameworks/CoreDaemon.framework/Versions/B/CoreDaemon
0x0000000003cc6000 	/usr/lib/libcrypto.0.9.8.dylib
0x0000000003cc6000 	/System/Library/PrivateFrameworks/AppleSRP.framework/Versions/A/AppleSRP
0x0000000003cc6000 	/System/Library/PrivateFrameworks/TrustEvaluationAgent.framework/Versions/A/TrustEvaluationAgent
0x00000001297f2000 	/Library/Java/JavaVirtualMachines/jdk8/Contents/Home/jre/lib/libglass.dylib
0x0000000003cc6000 	/System/Library/PrivateFrameworks/CoreServicesInternal.framework/Versions/A/CoreServicesInternal
0x0000000003cc6000 	/System/Library/CoreServices/RawCamera.bundle/Contents/MacOS/RawCamera
0x0000000003cc6000 	/System/Library/Frameworks/CoreGraphics.framework/Versions/A/Resources/libRIP.A.dylib
0x0000000003cc6000 	/System/Library/Frameworks/Accelerate.framework/Versions/A/Frameworks/vImage.framework/Versions/A/Libraries/libCGInterfaces.dylib
0x0000000003cc6000 	/System/Library/PrivateFrameworks/FamilyControls.framework/Versions/A/FamilyControls
0x0000000003cc6000 	/System/Library/PrivateFrameworks/CommerceKit.framework/Versions/A/Frameworks/CommerceCore.framework/Versions/A/CommerceCore
0x0000000003cc6000 	/System/Library/PrivateFrameworks/SystemAdministration.framework/Versions/A/SystemAdministration
0x0000000003cc6000 	/System/Library/PrivateFrameworks/AppContainer.framework/Versions/A/AppContainer
0x0000000003cc6000 	/System/Library/PrivateFrameworks/SecCodeWrapper.framework/Versions/A/SecCodeWrapper
0x0000000003cc6000 	/System/Library/Frameworks/DirectoryService.framework/Versions/A/DirectoryService
0x0000000003cc6000 	/System/Library/PrivateFrameworks/LoginUIKit.framework/Versions/A/Frameworks/LoginUICore.framework/Versions/A/LoginUICore
0x0000000003cc6000 	/usr/lib/libodfde.dylib
0x0000000003cc6000 	/System/Library/Frameworks/CoreGraphics.framework/Versions/A/Resources/libCGXType.A.dylib
0x000000012e551000 	/Library/Java/JavaVirtualMachines/jdk8/Contents/Home/jre/lib/libjavafx_font.dylib

VM Arguments:
jvm_args: -Didea.launcher.port=7532 -Didea.launcher.bin.path=/Applications/IntelliJ IDEA.app/Contents/bin -Dfile.encoding=UTF-8 
java_command: com.intellij.rt.execution.application.AppMain sample.Main
java_class_path (initial): /Library/Java/JavaVirtualMachines/jdk8/Contents/Home/jre/lib/charsets.jar:/Library/Java/JavaVirtualMachines/jdk8/Contents/Home/jre/lib/deploy.jar:/Library/Java/JavaVirtualMachines/jdk8/Contents/Home/jre/lib/ext/cldrdata.jar:/Library/Java/JavaVirtualMachines/jdk8/Contents/Home/jre/lib/ext/dnsns.jar:/Library/Java/JavaVirtualMachines/jdk8/Contents/Home/jre/lib/ext/jaccess.jar:/Library/Java/JavaVirtualMachines/jdk8/Contents/Home/jre/lib/ext/jfxrt.jar:/Library/Java/JavaVirtualMachines/jdk8/Contents/Home/jre/lib/ext/localedata.jar:/Library/Java/JavaVirtualMachines/jdk8/Contents/Home/jre/lib/ext/nashorn.jar:/Library/Java/JavaVirtualMachines/jdk8/Contents/Home/jre/lib/ext/sunec.jar:/Library/Java/JavaVirtualMachines/jdk8/Contents/Home/jre/lib/ext/sunjce_provider.jar:/Library/Java/JavaVirtualMachines/jdk8/Contents/Home/jre/lib/ext/sunpkcs11.jar:/Library/Java/JavaVirtualMachines/jdk8/Contents/Home/jre/lib/ext/zipfs.jar:/Library/Java/JavaVirtualMachines/jdk8/Contents/Home/jre/lib/javaws.jar:/Library/Java/JavaVirtualMachines/jdk8/Contents/Home/jre/lib/jce.jar:/Library/Java/JavaVirtualMachines/jdk8/Contents/Home/jre/lib/jfr.jar:/Library/Java/JavaVirtualMachines/jdk8/Contents/Home/jre/lib/jfxswt.jar:/Library/Java/JavaVirtualMachines/jdk8/Contents/Home/jre/lib/jsse.jar:/Library/Java/JavaVirtualMachines/jdk8/Contents/Home/jre/lib/management-agent.jar:/Library/Java/JavaVirtualMachines/jdk8/Contents/Home/jre/lib/plugin.jar:/Library/Java/JavaVirtualMachines/jdk8/Contents/Home/jre/lib/resources.jar:/Library/Java/JavaVirtualMachines/jdk8/Contents/Home/jre/lib/rt.jar:/Library/Java/JavaVirtualMachines/jdk8/Contents/Home/lib/ant-javafx.jar:/Library/Java/JavaVirtualMachines/jdk8/Contents/Home/lib/dt.jar:/Library/Java/JavaVirtualMachines/jdk8/Contents/Home/lib/javafx-mx.jar:/Library/Java/JavaVirtualMachines/jdk8/Contents/Home/lib/jconsole.jar:/Library/Java/JavaVirtualMachines/jdk8/Contents/Home/lib/packager.jar:/Library/Java/JavaVirtualMachines/jdk8/Contents/Home/
Launcher Type: SUN_STANDARD

Environment Variables:
JAVA_HOME=/Library/Java/JavaVirtualMachines/jdk1.8.0_77.jdk/Contents/Home
CLASSPATH=.:/Library/Java/JavaVirtualMachines/jdk1.8.0_77.jdk/Contents/Home/lib/dt.jar:/Library/Java/JavaVirtualMachines/jdk1.8.0_77.jdk/Contents/Home/lib/tools.jar
PATH=/opt/local/bin:/opt/local/sbin:/Users/bsty/.sdkman/candidates/kotlin/current/bin:/usr/local/bin:/usr/bin:/bin:/usr/sbin:/sbin:/opt/X11/bin:/Users/bsty/Library/Android/sdk/platform-tools/:/Users/bsty/Library/Android/sdk/tools:/Library/Java/JavaVirtualMachines/jdk1.8.0_77.jdk/Contents/Home:/Users/bsty/Documents/tools/gradle-2.9/bin:/Users/bsty/Library/Android/android-ndk-r10e
SHELL=/bin/bash
DISPLAY=/private/tmp/com.apple.launchd.yujrJ9iURY/org.macosforge.xquartz:0

Signal Handlers:
SIGSEGV: [libjvm.dylib+0x5a6d31], sa_mask[0]=11111111011111110111111111111111, sa_flags=SA_ONSTACK|SA_RESTART|SA_SIGINFO
SIGBUS: [libjvm.dylib+0x5a6d31], sa_mask[0]=11111111011111110111111111111111, sa_flags=SA_RESTART|SA_SIGINFO
SIGFPE: [libjvm.dylib+0x480a40], sa_mask[0]=11111111011111110111111111111111, sa_flags=SA_RESTART|SA_SIGINFO
SIGPIPE: [libjvm.dylib+0x480a40], sa_mask[0]=11111111011111110111111111111111, sa_flags=SA_RESTART|SA_SIGINFO
SIGXFSZ: [libjvm.dylib+0x480a40], sa_mask[0]=11111111011111110111111111111111, sa_flags=SA_RESTART|SA_SIGINFO
SIGILL: [libjvm.dylib+0x480a40], sa_mask[0]=11111111011111110111111111111111, sa_flags=SA_RESTART|SA_SIGINFO
SIGUSR1: SIG_DFL, sa_mask[0]=00000000000000000000000000000000, sa_flags=none
SIGUSR2: [libjvm.dylib+0x48055e], sa_mask[0]=00100000000000000000000000000000, sa_flags=SA_RESTART|SA_SIGINFO
SIGHUP: [libjvm.dylib+0x47eb35], sa_mask[0]=11111111011111110111111111111111, sa_flags=SA_RESTART|SA_SIGINFO
SIGINT: [libjvm.dylib+0x47eb35], sa_mask[0]=11111111011111110111111111111111, sa_flags=SA_RESTART|SA_SIGINFO
SIGTERM: [libjvm.dylib+0x47eb35], sa_mask[0]=11111111011111110111111111111111, sa_flags=SA_RESTART|SA_SIGINFO
SIGQUIT: [libjvm.dylib+0x47eb35], sa_mask[0]=11111111011111110111111111111111, sa_flags=SA_RESTART|SA_SIGINFO


---------------  S Y S T E M  ---------------

OS:Bsduname:Darwin 15.4.0 Darwin Kernel Version 15.4.0: Fri Feb 26 22:08:05 PST 2016; root:xnu-3248.40.184~3/RELEASE_X86_64 x86_64
rlimit: STACK 8192k, CORE 0k, NPROC 709, NOFILE 10240, AS infinity
load average:3.26 3.19 3.56

CPU:total 4 (2 cores per cpu, 2 threads per core) family 6 model 61 stepping 4, cmov, cx8, fxsr, mmx, sse, sse2, sse3, ssse3, sse4.1, sse4.2, popcnt, avx, avx2, aes, clmul, erms, 3dnowpref, lzcnt, ht, tsc, tscinvbit, bmi1, bmi2, adx

Memory: 4k page, physical 8388608k(1108644k free)

/proc/meminfo:


vm_info: Java HotSpot(TM) 64-Bit Server VM (25.65-b01) for bsd-amd64 JRE (1.8.0_65-b17), built on Oct  6 2015 15:36:46 by "java_re" with gcc 4.2.1 (Based on Apple Inc. build 5658) (LLVM build 2336.11.00)

time: Mon Mar 28 16:54:07 2016
elapsed time: 1 seconds (0d 0h 0m 1s)

